[2015-04-11 16:45:24             ::1                   Asia/Kolkata] 1045   $$$Access denied for user 'root'@'localhost' (using password: YES)$$$

[2015-04-11 16:46:02             ::1                   Asia/Kolkata] 1146   $$$Table 'dm15ed.users' doesn't exist$$$

[2015-04-11 16:46:20             ::1                   Asia/Kolkata] 1146   $$$Table 'dm15ed.users' doesn't exist$$$

[2015-04-11 16:47:21             ::1                   Asia/Kolkata] 1146   $$$Table 'dm15ed.users' doesn't exist$$$

[2015-04-11 16:48:06             ::1                   Asia/Kolkata] 1146   $$$Table 'dm15ed.users' doesn't exist$$$

[2015-04-11 16:49:12             ::1                   Asia/Kolkata] 1146   $$$Table 'dm15ed.users' doesn't exist$$$

[2015-04-11 16:52:40             ::1                   Asia/Kolkata] 1146   $$$Table 'dm15ed.users' doesn't exist$$$

[2015-04-11 16:53:59             ::1                   Asia/Kolkata] 1146   $$$Table 'dm15ed.users' doesn't exist$$$

[2015-04-16 10:21:18             ::1                   Asia/Kolkata] 1054   $$$Unknown column 'fullName' in 'field list'$$$

[2015-04-16 12:13:38             ::1                   Asia/Kolkata] 0      $$$$$$

[2015-04-16 12:16:18             ::1                   Asia/Kolkata] 0      $$$$$$

[2015-04-19 19:05:45             ::1                   Asia/Kolkata] 1045   $$$Access denied for user 'root'@'localhost' (using password: YES)$$$

[2015-04-20 02:01:47     172.17.3.35                   Asia/Kolkata] 1052   $$$Column 'userId' in where clause is ambiguous$$$

[2015-04-20 02:02:22     172.17.3.35                   Asia/Kolkata] 1052   $$$Column 'userId' in where clause is ambiguous$$$

[2015-04-20 02:03:56             ::1                   Asia/Kolkata] 1052   $$$Column 'userId' in where clause is ambiguous$$$

[2015-04-20 02:03:56             ::1                   Asia/Kolkata] 1146   $$$Table 'phd_admission_master.adminnotif' doesn't exist$$$

[2015-04-20 02:03:56             ::1                   Asia/Kolkata] 1146   $$$Table 'phd_admission_master.adminnotif' doesn't exist$$$

[2015-04-20 02:06:03             ::1                   Asia/Kolkata] 1052   $$$Column 'userId' in where clause is ambiguous$$$

[2015-04-20 02:06:03             ::1                   Asia/Kolkata] 1146   $$$Table 'phd_admission_master.adminnotif' doesn't exist$$$

[2015-04-20 02:06:03             ::1                   Asia/Kolkata] 1146   $$$Table 'phd_admission_master.adminnotif' doesn't exist$$$

[2015-04-20 03:04:52             ::1                   Asia/Kolkata] 1054   $$$Unknown column 'registered_users.email' in 'where clause'$$$

[2015-04-20 03:05:04             ::1                   Asia/Kolkata] 1054   $$$Unknown column 'registered_users.email' in 'where clause'$$$

[2015-04-20 03:06:19             ::1                   Asia/Kolkata] 1054   $$$Unknown column 'registered_users.email' in 'where clause'$$$

[2015-04-20 03:06:49             ::1                   Asia/Kolkata] 1054   $$$Unknown column 'registered_users.email' in 'where clause'$$$

[2015-04-20 03:23:23             ::1                   Asia/Kolkata] 0      $$$$$$

[2015-04-20 13:48:23             ::1                   Asia/Kolkata] 1045   $$$Access denied for user 'root'@'localhost' (using password: YES)$$$

[2015-04-20 13:49:12             ::1                   Asia/Kolkata] 1045   $$$Access denied for user 'root'@'localhost' (using password: YES)$$$

[2015-04-20 13:50:57             ::1                   Asia/Kolkata] 1045   $$$Access denied for user 'root'@'localhost' (using password: YES)$$$

[2015-04-23 10:51:51             ::1                   Asia/Kolkata] 1045   $$$Access denied for user 'root'@'localhost' (using password: YES)$$$

[2015-04-23 17:18:08             ::1                   Asia/Kolkata] 0      $$$$$$

[2015-04-23 17:55:43             ::1                   Asia/Kolkata] 0      $$$$$$

[2016-07-25 23:37:15             ::1                   Asia/Kolkata] 1064   $$$You have an error in your SQL syntax; check the manual that corresponds to your MySQL server version for the right syntax to use near '' at line 1$$$

[2016-07-25 23:37:15             ::1                   Asia/Kolkata] 1045   $$$Access denied for user 'root'@'localhost' (using password: YES)$$$

[2016-07-25 23:38:31             ::1                   Asia/Kolkata] 1064   $$$You have an error in your SQL syntax; check the manual that corresponds to your MySQL server version for the right syntax to use near '' at line 1$$$

[2016-07-25 23:38:31             ::1                   Asia/Kolkata] 1045   $$$Access denied for user 'root'@'localhost' (using password: YES)$$$

[2016-07-25 23:41:57             ::1                   Asia/Kolkata] 1064   $$$You have an error in your SQL syntax; check the manual that corresponds to your MySQL server version for the right syntax to use near '' at line 1$$$

[2016-07-25 23:41:57             ::1                   Asia/Kolkata] 1045   $$$Access denied for user 'root'@'localhost' (using password: YES)$$$

[2016-07-25 23:42:03             ::1                   Asia/Kolkata] 1064   $$$You have an error in your SQL syntax; check the manual that corresponds to your MySQL server version for the right syntax to use near '' at line 1$$$

[2016-07-25 23:42:03             ::1                   Asia/Kolkata] 1045   $$$Access denied for user 'root'@'localhost' (using password: YES)$$$

[2016-07-25 23:42:05             ::1                   Asia/Kolkata] 1064   $$$You have an error in your SQL syntax; check the manual that corresponds to your MySQL server version for the right syntax to use near '' at line 1$$$

[2016-07-25 23:42:05             ::1                   Asia/Kolkata] 1045   $$$Access denied for user 'root'@'localhost' (using password: YES)$$$

[2016-07-25 23:42:11             ::1                   Asia/Kolkata] 1064   $$$You have an error in your SQL syntax; check the manual that corresponds to your MySQL server version for the right syntax to use near '' at line 1$$$

[2016-07-25 23:42:11             ::1                   Asia/Kolkata] 1045   $$$Access denied for user 'root'@'localhost' (using password: YES)$$$

[2016-07-25 23:42:21             ::1                   Asia/Kolkata] 1064   $$$You have an error in your SQL syntax; check the manual that corresponds to your MySQL server version for the right syntax to use near '' at line 1$$$

[2016-07-25 23:42:21             ::1                   Asia/Kolkata] 1045   $$$Access denied for user 'root'@'localhost' (using password: YES)$$$

[2016-07-26 00:15:21             ::1                   Asia/Kolkata] 1064   $$$You have an error in your SQL syntax; check the manual that corresponds to your MySQL server version for the right syntax to use near '' at line 1$$$

[2016-07-26 00:15:21             ::1                   Asia/Kolkata] 1045   $$$Access denied for user 'root'@'localhost' (using password: YES)$$$

[2016-07-26 00:27:56             ::1                   Asia/Kolkata] 1064   $$$You have an error in your SQL syntax; check the manual that corresponds to your MySQL server version for the right syntax to use near '' at line 1$$$

[2016-07-26 00:27:56             ::1                   Asia/Kolkata] 1045   $$$Access denied for user 'root'@'localhost' (using password: YES)$$$

[2016-07-26 00:28:02             ::1                   Asia/Kolkata] 1064   $$$You have an error in your SQL syntax; check the manual that corresponds to your MySQL server version for the right syntax to use near '' at line 1$$$

[2016-07-26 00:28:02             ::1                   Asia/Kolkata] 1045   $$$Access denied for user 'root'@'localhost' (using password: YES)$$$

[2016-07-26 00:28:18             ::1                   Asia/Kolkata] 1064   $$$You have an error in your SQL syntax; check the manual that corresponds to your MySQL server version for the right syntax to use near '' at line 1$$$

[2016-07-26 00:28:18             ::1                   Asia/Kolkata] 1045   $$$Access denied for user 'root'@'localhost' (using password: YES)$$$

